<?xml version="1.0" encoding="UTF-8" ?>
<testsuite errors="3" failures="1" hostname="DESKTOP-H3K5A4R" name="com.civihr.test.automation.EditExistingDocTest" skipped="0" tests="4" time="81.496" timestamp="2016-08-15T15:59:48">
  <properties>
    <property name="java.vendor" value="Oracle Corporation" />
    <property name="lib.dir" value="G:\Usha\workspace\CiviHR-Test-Automation\libs" />
    <property name="sun.java.launcher" value="SUN_STANDARD" />
    <property name="eclipse.pdebuild.templates" value="/J:/eclipse/plugins/org.eclipse.pde.build_3.9.100.v20150521-1524/templates/" />
    <property name="sun.management.compiler" value="HotSpot 64-Bit Tiered Compilers" />
    <property name="os.name" value="Windows 10" />
    <property name="sun.boot.class.path" value="C:\jdk1.8\jre\lib\resources.jar;C:\jdk1.8\jre\lib\rt.jar;C:\jdk1.8\jre\lib\sunrsasign.jar;C:\jdk1.8\jre\lib\jsse.jar;C:\jdk1.8\jre\lib\jce.jar;C:\jdk1.8\jre\lib\charsets.jar;C:\jdk1.8\jre\lib\jfr.jar;C:\jdk1.8\jre\classes" />
    <property name="ant.file.type.CiviHR-Test-Automation" value="file" />
    <property name="sun.desktop" value="windows" />
    <property name="java.vm.specification.vendor" value="Oracle Corporation" />
    <property name="ant.home" value="J:\eclipse\plugins\org.apache.ant_1.9.6.v201510161327" />
    <property name="java.runtime.version" value="1.8.0_92-b14" />
    <property name="user.name" value="adityayadav76" />
    <property name="build.dir" value="G:\Usha\workspace\CiviHR-Test-Automation\build" />
    <property name="user.language" value="en" />
    <property name="sun.boot.library.path" value="C:\jdk1.8\jre\bin" />
    <property name="ant.project.default-target" value="Main" />
    <property name="ant.project.name" value="CiviHR-Test-Automation" />
    <property name="java.version" value="1.8.0_92" />
    <property name="user.timezone" value="" />
    <property name="sun.arch.data.model" value="64" />
    <property name="junit.out" value="out/reports/junit" />
    <property name="java.endorsed.dirs" value="C:\jdk1.8\jre\lib\endorsed" />
    <property name="sun.cpu.isalist" value="amd64" />
    <property name="sun.jnu.encoding" value="Cp1252" />
    <property name="file.encoding.pkg" value="sun.io" />
    <property name="file.separator" value="\" />
    <property name="java.specification.name" value="Java Platform API Specification" />
    <property name="java.class.version" value="52.0" />
    <property name="user.country" value="US" />
    <property name="java.home" value="C:\jdk1.8\jre" />
    <property name="java.vm.info" value="mixed mode" />
    <property name="ant.file" value="G:\Usha\workspace\CiviHR-Test-Automation\build.xml" />
    <property name="os.version" value="10.0" />
    <property name="path.separator" value=";" />
    <property name="java.vm.version" value="25.92-b14" />
    <property name="user.variant" value="" />
    <property name="ant.library.dir" value="J:\eclipse\plugins\org.apache.ant_1.9.6.v201510161327\lib" />
    <property name="java.awt.printerjob" value="sun.awt.windows.WPrinterJob" />
    <property name="sun.io.unicode.encoding" value="UnicodeLittle" />
    <property name="awt.toolkit" value="sun.awt.windows.WToolkit" />
    <property name="user.script" value="" />
    <property name="eclipse.pdebuild.scripts" value="/J:/eclipse/plugins/org.eclipse.pde.build_3.9.100.v20150521-1524/scripts/" />
    <property name="user.home" value="C:\Users\adityayadav76" />
    <property name="java.specification.vendor" value="Oracle Corporation" />
    <property name="java.library.path" value="C:\jdk1.8\jre\bin;C:\WINDOWS\Sun\Java\bin;C:\WINDOWS\system32;C:\WINDOWS;c:/jdk1.8/bin/../jre/bin/server;c:/jdk1.8/bin/../jre/bin;c:/jdk1.8/bin/../jre/lib/amd64;c:\jdk1.8\bin;C:\apache-ant-1.9.7\bin;C:\apache-maven-3.3.9\bin;C:\WINDOWS\system32;C:\WINDOWS;C:\WINDOWS\System32\Wbem;C:\WINDOWS\System32\WindowsPowerShell\v1.0\;C:\Program Files (x86)\ATI Technologies\ATI.ACE\Core-Static;C:\ProgramData\Oracle\Java\javapath;C:\Program Files (x86)\Skype\Phone\;J:\eclipse;;." />
    <property name="java.vendor.url" value="http://java.oracle.com/" />
    <property name="java.vm.vendor" value="Oracle Corporation" />
    <property name="java.runtime.name" value="Java(TM) SE Runtime Environment" />
    <property name="sun.java.command" value="org.apache.tools.ant.taskdefs.optional.junit.JUnitTestRunner com.civihr.test.automation.EditExistingDocTest skipNonTests=false filtertrace=true haltOnError=false haltOnFailure=false formatter=org.apache.tools.ant.taskdefs.optional.junit.SummaryJUnitResultFormatter showoutput=false outputtoformatters=true logfailedtests=true threadid=0 logtestlistenerevents=false formatter=org.apache.tools.ant.taskdefs.optional.junit.PlainJUnitResultFormatter,G:\Usha\workspace\CiviHR-Test-Automation\out\reports\junit\TEST-com.civihr.test.automation.EditExistingDocTest.txt formatter=org.apache.tools.ant.taskdefs.optional.junit.XMLJUnitResultFormatter,G:\Usha\workspace\CiviHR-Test-Automation\out\reports\junit\TEST-com.civihr.test.automation.EditExistingDocTest.xml crashfile=G:\Usha\workspace\CiviHR-Test-Automation\junitvmwatcher3391657843078985722.properties propsfile=G:\Usha\workspace\CiviHR-Test-Automation\junit1993283115223115038.properties" />
    <property name="java.class.path" value="G:\Usha\workspace\CiviHR-Test-Automation\build;G:\Usha\workspace\CiviHR-Test-Automation\libs\cglib-nodep-3.2.4.jar;G:\Usha\workspace\CiviHR-Test-Automation\libs\client-combined-3.0.0-beta2-nodeps.jar;G:\Usha\workspace\CiviHR-Test-Automation\libs\commons-codec-1.10.jar;G:\Usha\workspace\CiviHR-Test-Automation\libs\commons-exec-1.3.jar;G:\Usha\workspace\CiviHR-Test-Automation\libs\commons-logging-1.2.jar;G:\Usha\workspace\CiviHR-Test-Automation\libs\diffutils-1.3.0.jar;G:\Usha\workspace\CiviHR-Test-Automation\libs\gson-2.3.1.jar;G:\Usha\workspace\CiviHR-Test-Automation\libs\guava-19.0.jar;G:\Usha\workspace\CiviHR-Test-Automation\libs\hamcrest-core-1.3.jar;G:\Usha\workspace\CiviHR-Test-Automation\libs\hamcrest-library-1.3.jar;G:\Usha\workspace\CiviHR-Test-Automation\libs\httpclient-4.5.2.jar;G:\Usha\workspace\CiviHR-Test-Automation\libs\httpcore-4.4.4.jar;G:\Usha\workspace\CiviHR-Test-Automation\libs\httpmime-4.5.2.jar;G:\Usha\workspace\CiviHR-Test-Automation\libs\jline-2.12.1.jar;G:\Usha\workspace\CiviHR-Test-Automation\libs\jna-4.1.0.jar;G:\Usha\workspace\CiviHR-Test-Automation\libs\jna-platform-4.1.0.jar;G:\Usha\workspace\CiviHR-Test-Automation\libs\junit-4.12.jar;G:\Usha\workspace\CiviHR-Test-Automation\libs\netty-3.5.7.Final.jar;G:\Usha\workspace\CiviHR-Test-Automation\libs\partest-extras-2.11.7.jar;G:\Usha\workspace\CiviHR-Test-Automation\libs\phantomjsdriver-1.2.1.jar;G:\Usha\workspace\CiviHR-Test-Automation\libs\repl-2.11.7.jar;G:\Usha\workspace\CiviHR-Test-Automation\libs\scala-compiler-2.11.7.jar;G:\Usha\workspace\CiviHR-Test-Automation\libs\scala-library-2.11.7.jar;G:\Usha\workspace\CiviHR-Test-Automation\libs\scala-parser-combinators_2.11-1.0.4.jar;G:\Usha\workspace\CiviHR-Test-Automation\libs\scala-partest_2.11-1.0.9.jar;G:\Usha\workspace\CiviHR-Test-Automation\libs\scala-reflect-2.11.7.jar;G:\Usha\workspace\CiviHR-Test-Automation\libs\scala-xml_2.11-1.0.4.jar;G:\Usha\workspace\CiviHR-Test-Automation\libs\scaladoc-2.11.7.jar;G:\Usha\workspace\CiviHR-Test-Automation\libs\test-interface-1.0.jar;J:\eclipse\plugins\org.apache.ant_1.9.6.v201510161327\lib\ant-launcher.jar;J:\eclipse\plugins\org.apache.ant_1.9.6.v201510161327\lib\ant.jar;J:\eclipse\plugins\org.apache.ant_1.9.6.v201510161327\lib\ant-junit.jar;J:\eclipse\plugins\org.apache.ant_1.9.6.v201510161327\lib\ant-junit4.jar" />
    <property name="ant.version" value="Apache Ant(TM) version 1.9.6 compiled on June 29 2015" />
    <property name="ant.file.CiviHR-Test-Automation" value="G:\Usha\workspace\CiviHR-Test-Automation\build.xml" />
    <property name="java.vm.specification.name" value="Java Virtual Machine Specification" />
    <property name="java.vm.specification.version" value="1.8" />
    <property name="sun.cpu.endian" value="little" />
    <property name="sun.os.patch.level" value="" />
    <property name="eclipse.pdebuild.home" value="/J:/eclipse/plugins/org.eclipse.pde.build_3.9.100.v20150521-1524/./" />
    <property name="java.io.tmpdir" value="C:\Users\ADITYA~1\AppData\Local\Temp\" />
    <property name="java.vendor.url.bug" value="http://bugreport.sun.com/bugreport/" />
    <property name="os.arch" value="amd64" />
    <property name="java.awt.graphicsenv" value="sun.awt.Win32GraphicsEnvironment" />
    <property name="java.ext.dirs" value="C:\jdk1.8\jre\lib\ext;C:\WINDOWS\Sun\Java\lib\ext" />
    <property name="user.dir" value="G:\Usha\workspace\CiviHR-Test-Automation" />
    <property name="line.separator" value="&#xd;&#xa;" />
    <property name="java.vm.name" value="Java HotSpot(TM) 64-Bit Server VM" />
    <property name="basedir" value="G:\Usha\workspace\CiviHR-Test-Automation" />
    <property name="haltonfailure" value="no" />
    <property name="ant.java.version" value="1.8" />
    <property name="ant.core.lib" value="J:\eclipse\plugins\org.apache.ant_1.9.6.v201510161327\lib\ant.jar" />
    <property name="file.encoding" value="Cp1252" />
    <property name="out" value="out" />
    <property name="reports.out" value="out/reports" />
    <property name="java.specification.version" value="1.8" />
    <property name="src.dir" value="G:\Usha\workspace\CiviHR-Test-Automation\src" />
    <property name="ant.project.invoked-targets" value="run-junit" />
  </properties>
  <testcase classname="com.civihr.test.automation.EditExistingDocTest" name="step1_login" time="0.009">
    <error type="java.lang.NullPointerException">java.lang.NullPointerException
	at com.civihr.test.automation.Commons.goToUrl(Unknown Source)
	at com.civihr.test.automation.EditExistingDocTest.step1_login(Unknown Source)
</error>
  </testcase>
  <testcase classname="com.civihr.test.automation.EditExistingDocTest" name="step2_clickOnDocLink" time="30.472">
    <error message="Expected condition failed: waiting for element to be clickable: By.xpath: .//a[@href=&apos;#/documents&apos;] (tried for 30 second(s) with 500 MILLISECONDS interval)&#xa;Build info: version: &apos;unknown&apos;, revision: &apos;2aa21c1&apos;, time: &apos;2016-08-02 14:59:43 -0700&apos;&#xa;System info: host: &apos;DESKTOP-H3K5A4R&apos;, ip: &apos;192.168.2.123&apos;, os.name: &apos;Windows 10&apos;, os.arch: &apos;amd64&apos;, os.version: &apos;10.0&apos;, java.version: &apos;1.8.0_92&apos;&#xa;Driver info: org.openqa.selenium.firefox.FirefoxDriver&#xa;Capabilities [{rotatable=false, raisesAccessibilityExceptions=false, marionette=true, appBuildId=20160726073904, version=, platform=XP, proxy={}, command_id=1, specificationLevel=0, acceptSslCerts=false, browserVersion=48.0, platformVersion=10.0, XULappId={ec8030f7-c20a-464f-9b0e-13a3a9e97384}, browserName=Firefox, takesScreenshot=true, takesElementScreenshot=true, platformName=Windows_NT, device=desktop}]&#xa;Session ID: c6814450-8b99-44a3-b889-ad0d9e306a1c" type="org.openqa.selenium.TimeoutException">org.openqa.selenium.TimeoutException: Expected condition failed: waiting for element to be clickable: By.xpath: .//a[@href=&apos;#/documents&apos;] (tried for 30 second(s) with 500 MILLISECONDS interval)
Build info: version: &apos;unknown&apos;, revision: &apos;2aa21c1&apos;, time: &apos;2016-08-02 14:59:43 -0700&apos;
System info: host: &apos;DESKTOP-H3K5A4R&apos;, ip: &apos;192.168.2.123&apos;, os.name: &apos;Windows 10&apos;, os.arch: &apos;amd64&apos;, os.version: &apos;10.0&apos;, java.version: &apos;1.8.0_92&apos;
Driver info: org.openqa.selenium.firefox.FirefoxDriver
Capabilities [{rotatable=false, raisesAccessibilityExceptions=false, marionette=true, appBuildId=20160726073904, version=, platform=XP, proxy={}, command_id=1, specificationLevel=0, acceptSslCerts=false, browserVersion=48.0, platformVersion=10.0, XULappId={ec8030f7-c20a-464f-9b0e-13a3a9e97384}, browserName=Firefox, takesScreenshot=true, takesElementScreenshot=true, platformName=Windows_NT, device=desktop}]
Session ID: c6814450-8b99-44a3-b889-ad0d9e306a1c
	at org.openqa.selenium.support.ui.WebDriverWait.timeoutException(WebDriverWait.java:80)
	at org.openqa.selenium.support.ui.FluentWait.until(FluentWait.java:260)
	at com.civihr.test.automation.EditExistingDocTest.step2_clickOnDocLink(Unknown Source)
Caused by: org.openqa.selenium.NoSuchElementException: Unable to locate element: .//a[@href=&apos;#/documents&apos;] (WARNING: The server did not provide any stacktrace information)
Command duration or timeout: 6 milliseconds
For documentation on this error, please visit: http://seleniumhq.org/exceptions/no_such_element.html
Build info: version: &apos;unknown&apos;, revision: &apos;2aa21c1&apos;, time: &apos;2016-08-02 14:59:43 -0700&apos;
System info: host: &apos;DESKTOP-H3K5A4R&apos;, ip: &apos;192.168.2.123&apos;, os.name: &apos;Windows 10&apos;, os.arch: &apos;amd64&apos;, os.version: &apos;10.0&apos;, java.version: &apos;1.8.0_92&apos;
Driver info: org.openqa.selenium.firefox.FirefoxDriver
Capabilities [{rotatable=false, raisesAccessibilityExceptions=false, marionette=true, appBuildId=20160726073904, version=, platform=XP, proxy={}, command_id=1, specificationLevel=0, acceptSslCerts=false, browserVersion=48.0, platformVersion=10.0, XULappId={ec8030f7-c20a-464f-9b0e-13a3a9e97384}, browserName=Firefox, takesScreenshot=true, takesElementScreenshot=true, platformName=Windows_NT, device=desktop}]
Session ID: c6814450-8b99-44a3-b889-ad0d9e306a1c
*** Element info: {Using=xpath, value=.//a[@href=&apos;#/documents&apos;]}
	at java.lang.reflect.Constructor.newInstance(Constructor.java:423)
	at org.openqa.selenium.remote.ErrorHandler.createThrowable(ErrorHandler.java:206)
	at org.openqa.selenium.remote.ErrorHandler.throwIfResponseFailed(ErrorHandler.java:158)
	at org.openqa.selenium.remote.RemoteWebDriver.execute(RemoteWebDriver.java:683)
	at org.openqa.selenium.remote.RemoteWebDriver.findElement(RemoteWebDriver.java:377)
	at org.openqa.selenium.remote.RemoteWebDriver.findElementByXPath(RemoteWebDriver.java:506)
	at org.openqa.selenium.By$ByXPath.findElement(By.java:361)
	at org.openqa.selenium.remote.RemoteWebDriver.findElement(RemoteWebDriver.java:369)
	at org.openqa.selenium.support.ui.ExpectedConditions.findElement(ExpectedConditions.java:895)
	at org.openqa.selenium.support.ui.ExpectedConditions.access$000(ExpectedConditions.java:41)
	at org.openqa.selenium.support.ui.ExpectedConditions$7.apply(ExpectedConditions.java:205)
	at org.openqa.selenium.support.ui.ExpectedConditions$7.apply(ExpectedConditions.java:201)
	at org.openqa.selenium.support.ui.ExpectedConditions$22.apply(ExpectedConditions.java:651)
	at org.openqa.selenium.support.ui.ExpectedConditions$22.apply(ExpectedConditions.java:644)
	at org.openqa.selenium.support.ui.FluentWait.until(FluentWait.java:238)
</error>
  </testcase>
  <testcase classname="com.civihr.test.automation.EditExistingDocTest" name="step3_editDoc" time="0.294">
    <failure message="No docs exist" type="junit.framework.AssertionFailedError">junit.framework.AssertionFailedError: No docs exist
	at com.civihr.test.automation.EditExistingDocTest.step3_editDoc(Unknown Source)
</failure>
  </testcase>
  <testcase classname="com.civihr.test.automation.EditExistingDocTest" name="step4_editDetailsSave" time="30.262">
    <error message="Expected condition failed: waiting for element to be clickable: By.xpath: .//*[@id=&apos;civitasks&apos;]/div/div[1]/div/div/form/div[1]/div/div[1]/div/div/span (tried for 30 second(s) with 500 MILLISECONDS interval)&#xa;Build info: version: &apos;unknown&apos;, revision: &apos;2aa21c1&apos;, time: &apos;2016-08-02 14:59:43 -0700&apos;&#xa;System info: host: &apos;DESKTOP-H3K5A4R&apos;, ip: &apos;192.168.2.123&apos;, os.name: &apos;Windows 10&apos;, os.arch: &apos;amd64&apos;, os.version: &apos;10.0&apos;, java.version: &apos;1.8.0_92&apos;&#xa;Driver info: org.openqa.selenium.firefox.FirefoxDriver&#xa;Capabilities [{rotatable=false, raisesAccessibilityExceptions=false, marionette=true, appBuildId=20160726073904, version=, platform=XP, proxy={}, command_id=1, specificationLevel=0, acceptSslCerts=false, browserVersion=48.0, platformVersion=10.0, XULappId={ec8030f7-c20a-464f-9b0e-13a3a9e97384}, browserName=Firefox, takesScreenshot=true, takesElementScreenshot=true, platformName=Windows_NT, device=desktop}]&#xa;Session ID: 9c51a641-232a-40f1-9d4e-df4ff282672e" type="org.openqa.selenium.TimeoutException">org.openqa.selenium.TimeoutException: Expected condition failed: waiting for element to be clickable: By.xpath: .//*[@id=&apos;civitasks&apos;]/div/div[1]/div/div/form/div[1]/div/div[1]/div/div/span (tried for 30 second(s) with 500 MILLISECONDS interval)
Build info: version: &apos;unknown&apos;, revision: &apos;2aa21c1&apos;, time: &apos;2016-08-02 14:59:43 -0700&apos;
System info: host: &apos;DESKTOP-H3K5A4R&apos;, ip: &apos;192.168.2.123&apos;, os.name: &apos;Windows 10&apos;, os.arch: &apos;amd64&apos;, os.version: &apos;10.0&apos;, java.version: &apos;1.8.0_92&apos;
Driver info: org.openqa.selenium.firefox.FirefoxDriver
Capabilities [{rotatable=false, raisesAccessibilityExceptions=false, marionette=true, appBuildId=20160726073904, version=, platform=XP, proxy={}, command_id=1, specificationLevel=0, acceptSslCerts=false, browserVersion=48.0, platformVersion=10.0, XULappId={ec8030f7-c20a-464f-9b0e-13a3a9e97384}, browserName=Firefox, takesScreenshot=true, takesElementScreenshot=true, platformName=Windows_NT, device=desktop}]
Session ID: 9c51a641-232a-40f1-9d4e-df4ff282672e
	at org.openqa.selenium.support.ui.WebDriverWait.timeoutException(WebDriverWait.java:80)
	at org.openqa.selenium.support.ui.FluentWait.until(FluentWait.java:260)
	at com.civihr.test.automation.EditExistingDocTest.step4_editDetailsSave(Unknown Source)
Caused by: org.openqa.selenium.NoSuchElementException: Unable to locate element: .//*[@id=&apos;civitasks&apos;]/div/div[1]/div/div/form/div[1]/div/div[1]/div/div/span (WARNING: The server did not provide any stacktrace information)
Command duration or timeout: 6 milliseconds
For documentation on this error, please visit: http://seleniumhq.org/exceptions/no_such_element.html
Build info: version: &apos;unknown&apos;, revision: &apos;2aa21c1&apos;, time: &apos;2016-08-02 14:59:43 -0700&apos;
System info: host: &apos;DESKTOP-H3K5A4R&apos;, ip: &apos;192.168.2.123&apos;, os.name: &apos;Windows 10&apos;, os.arch: &apos;amd64&apos;, os.version: &apos;10.0&apos;, java.version: &apos;1.8.0_92&apos;
Driver info: org.openqa.selenium.firefox.FirefoxDriver
Capabilities [{rotatable=false, raisesAccessibilityExceptions=false, marionette=true, appBuildId=20160726073904, version=, platform=XP, proxy={}, command_id=1, specificationLevel=0, acceptSslCerts=false, browserVersion=48.0, platformVersion=10.0, XULappId={ec8030f7-c20a-464f-9b0e-13a3a9e97384}, browserName=Firefox, takesScreenshot=true, takesElementScreenshot=true, platformName=Windows_NT, device=desktop}]
Session ID: 9c51a641-232a-40f1-9d4e-df4ff282672e
*** Element info: {Using=xpath, value=.//*[@id=&apos;civitasks&apos;]/div/div[1]/div/div/form/div[1]/div/div[1]/div/div/span}
	at java.lang.reflect.Constructor.newInstance(Constructor.java:423)
	at org.openqa.selenium.remote.ErrorHandler.createThrowable(ErrorHandler.java:206)
	at org.openqa.selenium.remote.ErrorHandler.throwIfResponseFailed(ErrorHandler.java:158)
	at org.openqa.selenium.remote.RemoteWebDriver.execute(RemoteWebDriver.java:683)
	at org.openqa.selenium.remote.RemoteWebDriver.findElement(RemoteWebDriver.java:377)
	at org.openqa.selenium.remote.RemoteWebDriver.findElementByXPath(RemoteWebDriver.java:506)
	at org.openqa.selenium.By$ByXPath.findElement(By.java:361)
	at org.openqa.selenium.remote.RemoteWebDriver.findElement(RemoteWebDriver.java:369)
	at org.openqa.selenium.support.ui.ExpectedConditions.findElement(ExpectedConditions.java:895)
	at org.openqa.selenium.support.ui.ExpectedConditions.access$000(ExpectedConditions.java:41)
	at org.openqa.selenium.support.ui.ExpectedConditions$7.apply(ExpectedConditions.java:205)
	at org.openqa.selenium.support.ui.ExpectedConditions$7.apply(ExpectedConditions.java:201)
	at org.openqa.selenium.support.ui.ExpectedConditions$22.apply(ExpectedConditions.java:651)
	at org.openqa.selenium.support.ui.ExpectedConditions$22.apply(ExpectedConditions.java:644)
	at org.openqa.selenium.support.ui.FluentWait.until(FluentWait.java:238)
</error>
  </testcase>
  <system-out><![CDATA[]]></system-out>
  <system-err><![CDATA[1471276791231	Marionette	INFO	Listening on port 49381
1471276793404	Marionette	INFO	startBrowser 51bccfed-b62a-4905-b02c-b9eeceebefd0
1471276793415	Marionette	INFO	sendAsync 51bccfed-b62a-4905-b02c-b9eeceebefd0
1471276794079	Marionette	INFO	sendAsync 51bccfed-b62a-4905-b02c-b9eeceebefd0
1471276795889	Marionette	INFO	Listening on port 49400
[Child 15076] WARNING: pipe error: 109: file c:/builds/moz2_slave/m-rel-w32-00000000000000000000/build/src/ipc/chromium/src/chrome/common/ipc_channel_win.cc, line 343
1471276798349	Marionette	INFO	startBrowser c6814450-8b99-44a3-b889-ad0d9e306a1c
1471276798359	Marionette	INFO	sendAsync c6814450-8b99-44a3-b889-ad0d9e306a1c
1471276798737	Marionette	INFO	sendAsync c6814450-8b99-44a3-b889-ad0d9e306a1c
1471276799012	Marionette	INFO	sendAsync c6814450-8b99-44a3-b889-ad0d9e306a1c
1471276799614	Marionette	INFO	sendAsync c6814450-8b99-44a3-b889-ad0d9e306a1c
1471276800122	Marionette	INFO	sendAsync c6814450-8b99-44a3-b889-ad0d9e306a1c
1471276800630	Marionette	INFO	sendAsync c6814450-8b99-44a3-b889-ad0d9e306a1c
1471276801140	Marionette	INFO	sendAsync c6814450-8b99-44a3-b889-ad0d9e306a1c
1471276801648	Marionette	INFO	sendAsync c6814450-8b99-44a3-b889-ad0d9e306a1c
1471276802157	Marionette	INFO	sendAsync c6814450-8b99-44a3-b889-ad0d9e306a1c
1471276802664	Marionette	INFO	sendAsync c6814450-8b99-44a3-b889-ad0d9e306a1c
1471276803170	Marionette	INFO	sendAsync c6814450-8b99-44a3-b889-ad0d9e306a1c
1471276803679	Marionette	INFO	sendAsync c6814450-8b99-44a3-b889-ad0d9e306a1c
1471276804187	Marionette	INFO	sendAsync c6814450-8b99-44a3-b889-ad0d9e306a1c
1471276804696	Marionette	INFO	sendAsync c6814450-8b99-44a3-b889-ad0d9e306a1c
1471276805202	Marionette	INFO	sendAsync c6814450-8b99-44a3-b889-ad0d9e306a1c
1471276805726	Marionette	INFO	sendAsync c6814450-8b99-44a3-b889-ad0d9e306a1c
1471276806233	Marionette	INFO	sendAsync c6814450-8b99-44a3-b889-ad0d9e306a1c
1471276806741	Marionette	INFO	sendAsync c6814450-8b99-44a3-b889-ad0d9e306a1c
1471276807250	Marionette	INFO	sendAsync c6814450-8b99-44a3-b889-ad0d9e306a1c
1471276807757	Marionette	INFO	sendAsync c6814450-8b99-44a3-b889-ad0d9e306a1c
1471276808264	Marionette	INFO	sendAsync c6814450-8b99-44a3-b889-ad0d9e306a1c
1471276808772	Marionette	INFO	sendAsync c6814450-8b99-44a3-b889-ad0d9e306a1c
1471276809280	Marionette	INFO	sendAsync c6814450-8b99-44a3-b889-ad0d9e306a1c
1471276809788	Marionette	INFO	sendAsync c6814450-8b99-44a3-b889-ad0d9e306a1c
1471276810294	Marionette	INFO	sendAsync c6814450-8b99-44a3-b889-ad0d9e306a1c
1471276810802	Marionette	INFO	sendAsync c6814450-8b99-44a3-b889-ad0d9e306a1c
1471276811313	Marionette	INFO	sendAsync c6814450-8b99-44a3-b889-ad0d9e306a1c
1471276811822	Marionette	INFO	sendAsync c6814450-8b99-44a3-b889-ad0d9e306a1c
1471276812330	Marionette	INFO	sendAsync c6814450-8b99-44a3-b889-ad0d9e306a1c
1471276812837	Marionette	INFO	sendAsync c6814450-8b99-44a3-b889-ad0d9e306a1c
1471276813344	Marionette	INFO	sendAsync c6814450-8b99-44a3-b889-ad0d9e306a1c
1471276813850	Marionette	INFO	sendAsync c6814450-8b99-44a3-b889-ad0d9e306a1c
1471276814357	Marionette	INFO	sendAsync c6814450-8b99-44a3-b889-ad0d9e306a1c
1471276814865	Marionette	INFO	sendAsync c6814450-8b99-44a3-b889-ad0d9e306a1c
1471276815372	Marionette	INFO	sendAsync c6814450-8b99-44a3-b889-ad0d9e306a1c
1471276815878	Marionette	INFO	sendAsync c6814450-8b99-44a3-b889-ad0d9e306a1c
1471276816385	Marionette	INFO	sendAsync c6814450-8b99-44a3-b889-ad0d9e306a1c
1471276816894	Marionette	INFO	sendAsync c6814450-8b99-44a3-b889-ad0d9e306a1c
1471276817402	Marionette	INFO	sendAsync c6814450-8b99-44a3-b889-ad0d9e306a1c
1471276817910	Marionette	INFO	sendAsync c6814450-8b99-44a3-b889-ad0d9e306a1c
1471276818417	Marionette	INFO	sendAsync c6814450-8b99-44a3-b889-ad0d9e306a1c
1471276818926	Marionette	INFO	sendAsync c6814450-8b99-44a3-b889-ad0d9e306a1c
1471276819437	Marionette	INFO	sendAsync c6814450-8b99-44a3-b889-ad0d9e306a1c
1471276819946	Marionette	INFO	sendAsync c6814450-8b99-44a3-b889-ad0d9e306a1c
1471276820453	Marionette	INFO	sendAsync c6814450-8b99-44a3-b889-ad0d9e306a1c
1471276820960	Marionette	INFO	sendAsync c6814450-8b99-44a3-b889-ad0d9e306a1c
1471276821473	Marionette	INFO	sendAsync c6814450-8b99-44a3-b889-ad0d9e306a1c
1471276821981	Marionette	INFO	sendAsync c6814450-8b99-44a3-b889-ad0d9e306a1c
1471276822490	Marionette	INFO	sendAsync c6814450-8b99-44a3-b889-ad0d9e306a1c
1471276822998	Marionette	INFO	sendAsync c6814450-8b99-44a3-b889-ad0d9e306a1c
1471276823507	Marionette	INFO	sendAsync c6814450-8b99-44a3-b889-ad0d9e306a1c
1471276824015	Marionette	INFO	sendAsync c6814450-8b99-44a3-b889-ad0d9e306a1c
1471276824522	Marionette	INFO	sendAsync c6814450-8b99-44a3-b889-ad0d9e306a1c
1471276825033	Marionette	INFO	sendAsync c6814450-8b99-44a3-b889-ad0d9e306a1c
1471276825540	Marionette	INFO	sendAsync c6814450-8b99-44a3-b889-ad0d9e306a1c
1471276826046	Marionette	INFO	sendAsync c6814450-8b99-44a3-b889-ad0d9e306a1c
1471276826553	Marionette	INFO	sendAsync c6814450-8b99-44a3-b889-ad0d9e306a1c
1471276827060	Marionette	INFO	sendAsync c6814450-8b99-44a3-b889-ad0d9e306a1c
1471276827569	Marionette	INFO	sendAsync c6814450-8b99-44a3-b889-ad0d9e306a1c
1471276828077	Marionette	INFO	sendAsync c6814450-8b99-44a3-b889-ad0d9e306a1c
1471276828599	Marionette	INFO	sendAsync c6814450-8b99-44a3-b889-ad0d9e306a1c
1471276829106	Marionette	INFO	sendAsync c6814450-8b99-44a3-b889-ad0d9e306a1c
1471276831168	Marionette	INFO	Listening on port 49550
1471276833547	Marionette	INFO	startBrowser ac684292-8b66-4963-8f8f-f47d9757e2b4
1471276833557	Marionette	INFO	sendAsync ac684292-8b66-4963-8f8f-f47d9757e2b4
1471276833944	Marionette	INFO	sendAsync ac684292-8b66-4963-8f8f-f47d9757e2b4
1471276833948	Marionette	INFO	sendAsync ac684292-8b66-4963-8f8f-f47d9757e2b4
1471276836851	Marionette	INFO	Listening on port 49571
1471276839443	Marionette	INFO	startBrowser 9c51a641-232a-40f1-9d4e-df4ff282672e
1471276839455	Marionette	INFO	sendAsync 9c51a641-232a-40f1-9d4e-df4ff282672e
1471276839891	Marionette	INFO	sendAsync 9c51a641-232a-40f1-9d4e-df4ff282672e
1471276839895	Marionette	INFO	sendAsync 9c51a641-232a-40f1-9d4e-df4ff282672e
1471276840487	Marionette	INFO	sendAsync 9c51a641-232a-40f1-9d4e-df4ff282672e
1471276840999	Marionette	INFO	sendAsync 9c51a641-232a-40f1-9d4e-df4ff282672e
1471276841511	Marionette	INFO	sendAsync 9c51a641-232a-40f1-9d4e-df4ff282672e
1471276842021	Marionette	INFO	sendAsync 9c51a641-232a-40f1-9d4e-df4ff282672e
1471276842529	Marionette	INFO	sendAsync 9c51a641-232a-40f1-9d4e-df4ff282672e
1471276843038	Marionette	INFO	sendAsync 9c51a641-232a-40f1-9d4e-df4ff282672e
1471276843544	Marionette	INFO	sendAsync 9c51a641-232a-40f1-9d4e-df4ff282672e
1471276844052	Marionette	INFO	sendAsync 9c51a641-232a-40f1-9d4e-df4ff282672e
1471276844564	Marionette	INFO	sendAsync 9c51a641-232a-40f1-9d4e-df4ff282672e
1471276845075	Marionette	INFO	sendAsync 9c51a641-232a-40f1-9d4e-df4ff282672e
1471276845583	Marionette	INFO	sendAsync 9c51a641-232a-40f1-9d4e-df4ff282672e
1471276846090	Marionette	INFO	sendAsync 9c51a641-232a-40f1-9d4e-df4ff282672e
1471276846596	Marionette	INFO	sendAsync 9c51a641-232a-40f1-9d4e-df4ff282672e
1471276847104	Marionette	INFO	sendAsync 9c51a641-232a-40f1-9d4e-df4ff282672e
1471276847612	Marionette	INFO	sendAsync 9c51a641-232a-40f1-9d4e-df4ff282672e
1471276848121	Marionette	INFO	sendAsync 9c51a641-232a-40f1-9d4e-df4ff282672e
1471276848629	Marionette	INFO	sendAsync 9c51a641-232a-40f1-9d4e-df4ff282672e
1471276849137	Marionette	INFO	sendAsync 9c51a641-232a-40f1-9d4e-df4ff282672e
1471276849647	Marionette	INFO	sendAsync 9c51a641-232a-40f1-9d4e-df4ff282672e
1471276850155	Marionette	INFO	sendAsync 9c51a641-232a-40f1-9d4e-df4ff282672e
1471276850662	Marionette	INFO	sendAsync 9c51a641-232a-40f1-9d4e-df4ff282672e
1471276851170	Marionette	INFO	sendAsync 9c51a641-232a-40f1-9d4e-df4ff282672e
1471276851676	Marionette	INFO	sendAsync 9c51a641-232a-40f1-9d4e-df4ff282672e
1471276852187	Marionette	INFO	sendAsync 9c51a641-232a-40f1-9d4e-df4ff282672e
1471276852757	Marionette	INFO	sendAsync 9c51a641-232a-40f1-9d4e-df4ff282672e
1471276853263	Marionette	INFO	sendAsync 9c51a641-232a-40f1-9d4e-df4ff282672e
1471276853769	Marionette	INFO	sendAsync 9c51a641-232a-40f1-9d4e-df4ff282672e
1471276854275	Marionette	INFO	sendAsync 9c51a641-232a-40f1-9d4e-df4ff282672e
1471276854783	Marionette	INFO	sendAsync 9c51a641-232a-40f1-9d4e-df4ff282672e
1471276855290	Marionette	INFO	sendAsync 9c51a641-232a-40f1-9d4e-df4ff282672e
1471276855796	Marionette	INFO	sendAsync 9c51a641-232a-40f1-9d4e-df4ff282672e
1471276856301	Marionette	INFO	sendAsync 9c51a641-232a-40f1-9d4e-df4ff282672e
1471276856808	Marionette	INFO	sendAsync 9c51a641-232a-40f1-9d4e-df4ff282672e
1471276857314	Marionette	INFO	sendAsync 9c51a641-232a-40f1-9d4e-df4ff282672e
1471276857822	Marionette	INFO	sendAsync 9c51a641-232a-40f1-9d4e-df4ff282672e
1471276858330	Marionette	INFO	sendAsync 9c51a641-232a-40f1-9d4e-df4ff282672e
1471276858838	Marionette	INFO	sendAsync 9c51a641-232a-40f1-9d4e-df4ff282672e
1471276859348	Marionette	INFO	sendAsync 9c51a641-232a-40f1-9d4e-df4ff282672e
1471276859859	Marionette	INFO	sendAsync 9c51a641-232a-40f1-9d4e-df4ff282672e
1471276860367	Marionette	INFO	sendAsync 9c51a641-232a-40f1-9d4e-df4ff282672e
1471276860874	Marionette	INFO	sendAsync 9c51a641-232a-40f1-9d4e-df4ff282672e
1471276861381	Marionette	INFO	sendAsync 9c51a641-232a-40f1-9d4e-df4ff282672e
1471276861887	Marionette	INFO	sendAsync 9c51a641-232a-40f1-9d4e-df4ff282672e
1471276862398	Marionette	INFO	sendAsync 9c51a641-232a-40f1-9d4e-df4ff282672e
1471276862907	Marionette	INFO	sendAsync 9c51a641-232a-40f1-9d4e-df4ff282672e
1471276863414	Marionette	INFO	sendAsync 9c51a641-232a-40f1-9d4e-df4ff282672e
1471276863921	Marionette	INFO	sendAsync 9c51a641-232a-40f1-9d4e-df4ff282672e
1471276864429	Marionette	INFO	sendAsync 9c51a641-232a-40f1-9d4e-df4ff282672e
1471276864939	Marionette	INFO	sendAsync 9c51a641-232a-40f1-9d4e-df4ff282672e
1471276865446	Marionette	INFO	sendAsync 9c51a641-232a-40f1-9d4e-df4ff282672e
1471276865956	Marionette	INFO	sendAsync 9c51a641-232a-40f1-9d4e-df4ff282672e
1471276866463	Marionette	INFO	sendAsync 9c51a641-232a-40f1-9d4e-df4ff282672e
1471276866970	Marionette	INFO	sendAsync 9c51a641-232a-40f1-9d4e-df4ff282672e
1471276867476	Marionette	INFO	sendAsync 9c51a641-232a-40f1-9d4e-df4ff282672e
1471276867982	Marionette	INFO	sendAsync 9c51a641-232a-40f1-9d4e-df4ff282672e
1471276868493	Marionette	INFO	sendAsync 9c51a641-232a-40f1-9d4e-df4ff282672e
1471276869001	Marionette	INFO	sendAsync 9c51a641-232a-40f1-9d4e-df4ff282672e
1471276869508	Marionette	INFO	sendAsync 9c51a641-232a-40f1-9d4e-df4ff282672e
1471276870014	Marionette	INFO	sendAsync 9c51a641-232a-40f1-9d4e-df4ff282672e
]]></system-err>
</testsuite>
